
7-Zip (a) [32] 15.05 beta : Copyright (c) 1999-2015 Igor Pavlov : 2015-06-14

Scanning the drive:
1 folder, 9 files, 18718924 bytes (18 MiB)

Creating archive: .\Ž‘—¿.7z

Items to compress: 10


Files read from disk: 9
Archive size: 16233394 bytes (16 MiB)
Everything is Ok

7-Zip (a) [32] 15.05 beta : Copyright (c) 1999-2015 Igor Pavlov : 2015-06-14

Open archive: .\Ž‘—¿.7z
--
Path = .\Ž‘—¿.7z
Type = 7z
Physical Size = 16233394
Headers Size = 450
Method = LZMA2:24m 7zAES
Solid = +
Blocks = 1

Scanning the drive:
1 folder, 9 files, 18718924 bytes (18 MiB)

Updating archive: .\Ž‘—¿.7z

Items to compress: 10


Files read from disk: 9
Archive size: 16233394 bytes (16 MiB)
Everything is Ok

7-Zip (a) [32] 15.05 beta : Copyright (c) 1999-2015 Igor Pavlov : 2015-06-14

Open archive: .\Ž‘—¿.7z
--
Path = .\Ž‘—¿.7z
Type = 7z
Physical Size = 16233394
Headers Size = 450
Method = LZMA2:24m 7zAES
Solid = +
Blocks = 1

Scanning the drive:
1 folder, 9 files, 18718924 bytes (18 MiB)

Updating archive: .\Ž‘—¿.7z

Items to compress: 10


Files read from disk: 9
Archive size: 16233394 bytes (16 MiB)
Everything is Ok

7-Zip (a) [32] 15.05 beta : Copyright (c) 1999-2015 Igor Pavlov : 2015-06-14

Open archive: .\Ž‘—¿.7z
--
Path = .\Ž‘—¿.7z
Type = 7z
Physical Size = 16233394
Headers Size = 450
Method = LZMA2:24m 7zAES
Solid = +
Blocks = 1

Scanning the drive:
1 folder, 9 files, 18718924 bytes (18 MiB)

Updating archive: .\Ž‘—¿.7z

Items to compress: 10


Files read from disk: 9
Archive size: 16233394 bytes (16 MiB)
Everything is Ok

7-Zip (a) [32] 15.05 beta : Copyright (c) 1999-2015 Igor Pavlov : 2015-06-14

Open archive: .\Ž‘—¿.7z
--
Path = .\Ž‘—¿.7z
Type = 7z
Physical Size = 16233394
Headers Size = 450
Method = LZMA2:24m 7zAES
Solid = +
Blocks = 1

Scanning the drive:
1 folder, 9 files, 18718924 bytes (18 MiB)

Updating archive: .\Ž‘—¿.7z

Items to compress: 10


Files read from disk: 9
Archive size: 16233394 bytes (16 MiB)
Everything is Ok
